#-----------------------------------------------------------
# Vivado v2021.1 (64-bit)
# SW Build 3247384 on Thu Jun 10 19:36:33 MDT 2021
# IP Build 3246043 on Fri Jun 11 00:30:35 MDT 2021
# Start of session at: Wed Dec 22 12:41:54 2021
# Process ID: 20104
# Current directory: C:/Users/franc/OneDrive/Documentos/GitHub/TRABAJO-SED/sed_cronometro
# Command line: vivado.exe -gui_launcher_event rodinguilauncherevent11880 C:\Users\franc\OneDrive\Documentos\GitHub\TRABAJO-SED\sed_cronometro\sed_cronometro.xpr
# Log file: C:/Users/franc/OneDrive/Documentos/GitHub/TRABAJO-SED/sed_cronometro/vivado.log
# Journal file: C:/Users/franc/OneDrive/Documentos/GitHub/TRABAJO-SED/sed_cronometro\vivado.jou
#-----------------------------------------------------------
start_gui
open_project C:/Users/franc/OneDrive/Documentos/GitHub/TRABAJO-SED/sed_cronometro/sed_cronometro.xpr
WARNING: [filemgmt 56-3] Default IP Output Path : Could not find the directory 'C:/Users/franc/OneDrive/Documentos/GitHub/TRABAJO-SED/sed_cronometro/sed_cronometro.gen/sources_1'.
Scanning sources...
Finished scanning sources
INFO: [IP_Flow 19-234] Refreshing IP repositories
INFO: [IP_Flow 19-1704] No user IP repositories specified
INFO: [IP_Flow 19-2313] Loaded Vivado IP repository 'C:/Xilinx/Vivado/2021.1/data/ip'.
open_project: Time (s): cpu = 00:00:19 ; elapsed = 00:00:09 . Memory (MB): peak = 1443.434 ; gain = 0.000
update_compile_order -fileset sources_1
add_files -norecurse C:/Users/franc/OneDrive/Documentos/GitHub/TRABAJO-SED/sed_cronometro/sed_cronometro.srcs/sources_1/new/num_to_seg_and_min.vhd
